<?xml version="1.0" encoding="UTF-8"?>
<!-- Generated by org.testng.reporters.JUnitXMLReporter -->
<testsuite ignored="1" hostname="DESKTOP-TMDKBPI" failures="0" tests="2" name="Default test" time="67.301" errors="0" timestamp="2020-04-23T23:49:59 CDT">
  <testcase classname="com.indigo.mainscript.TestOne" name="flightPrice_1" time="33.397"/>
  <testcase classname="com.indigo.mainscript.TestOne" name="flightPrice_2" time="32.212"/>
  <testcase classname="com.indigo.mainscript.TestOne" name="Testtwo" time="0.0">
    <ignored/>
  </testcase> <!-- Testtwo -->
</testsuite> <!-- Default test -->
