<?xml version="1.0" encoding="UTF-8"?>
<!-- Generated by org.testng.reporters.JUnitXMLReporter -->
<testsuite ignored="1" hostname="DESKTOP-TMDKBPI" failures="2" tests="2" name="Command line test" time="51.565" errors="0" timestamp="16 Apr 2020 02:13:27 GMT">
  <testcase classname="com.indigo.mainscript.TestOne" name="flightPrice_1" time="25.633">
    <failure type="java.lang.AssertionError" message="expected [₹1,966] but found [null]">
      <![CDATA[java.lang.AssertionError: expected [₹1,966] but found [null]
	at com.indigo.testcases.TestTwo.tco1(TestTwo.java:38)
	at com.indigo.mainscript.TestOne.flightPrice_1(TestOne.java:24)
... Removed 41 stack frames]]>
    </failure>
  </testcase> <!-- flightPrice_1 -->
  <testcase classname="com.indigo.mainscript.TestOne" name="flightPrice_2" time="24.582">
    <failure type="java.lang.AssertionError" message="expected [₹1,966] but found [null]">
      <![CDATA[java.lang.AssertionError: expected [₹1,966] but found [null]
	at com.indigo.testcases.TestTwo.tco2(TestTwo.java:61)
	at com.indigo.mainscript.TestOne.flightPrice_2(TestOne.java:42)
... Removed 41 stack frames]]>
    </failure>
  </testcase> <!-- flightPrice_2 -->
  <testcase classname="com.indigo.mainscript.TestOne" name="Testtwo" time="0.0">
    <ignored/>
  </testcase> <!-- Testtwo -->
</testsuite> <!-- Command line test -->
