<?xml version="1.0" encoding="UTF-8"?>
<!-- Generated by org.testng.reporters.JUnitXMLReporter -->
<testsuite ignored="1" hostname="DESKTOP-TMDKBPI" failures="0" tests="2" name="Command line test" time="72.378" errors="0" timestamp="16 Apr 2020 01:17:20 GMT">
  <testcase classname="com.indigo.mainscript.TestOne" name="flightPrice_1" time="36.069"/>
  <testcase classname="com.indigo.mainscript.TestOne" name="flightPrice_2" time="35.007"/>
  <testcase classname="com.indigo.mainscript.TestOne" name="Testtwo" time="0.0">
    <ignored/>
  </testcase> <!-- Testtwo -->
</testsuite> <!-- Command line test -->
