<?xml version="1.0" encoding="UTF-8"?>
<!-- Generated by org.testng.reporters.JUnitXMLReporter -->
<testsuite ignored="1" hostname="DESKTOP-TMDKBPI" failures="0" tests="2" name="Assertion" time="74.336" errors="0" timestamp="2020-04-15T22:42:27 CDT">
  <testcase classname="com.indigo.mainscript.TestOne" name="flightPrice_1" time="36.813"/>
  <testcase classname="com.indigo.mainscript.TestOne" name="flightPrice_2" time="36.142"/>
  <testcase classname="com.indigo.mainscript.TestOne" name="Testtwo" time="0.0">
    <ignored/>
  </testcase> <!-- Testtwo -->
</testsuite> <!-- Assertion -->
