<?xml version="1.0" encoding="UTF-8"?>
<!-- Generated by org.testng.reporters.JUnitXMLReporter -->
<testsuite ignored="0" hostname="DESKTOP-TMDKBPI" failures="0" tests="4" name="Job Creation" time="0.056" errors="0" timestamp="2020-03-15T19:03:32 CDT">
  <testcase classname="testng.project.NewTest" name="mobNegativeTestcase" time="0.008"/>
  <testcase classname="testng.project.NewTest" name="zobNegativeTestcase" time="0.001"/>
  <testcase classname="testng.project.NewTest" name="jobPositiveTestcase" time="0.001"/>
  <testcase classname="testng.project.NewTest" name="jobUITestcase" time="0.002"/>
</testsuite> <!-- Job Creation -->
