<?xml version="1.0" encoding="UTF-8"?>
<!-- Generated by org.testng.reporters.JUnitXMLReporter -->
<testsuite ignored="1" hostname="DESKTOP-TMDKBPI" failures="1" tests="2" name="Second Test" time="81.625" errors="0" timestamp="2020-04-14T06:10:07 CDT">
  <testcase classname="com.indigo.mainscript.TestOne" name="flightPrice_1" time="41.534"/>
  <testcase classname="com.indigo.mainscript.TestOne" name="flightPrice_2" time="38.644">
    <failure type="java.lang.AssertionError" message="expected [₹1,714] but found [₹1,699]">
      <![CDATA[java.lang.AssertionError: expected [₹1,714] but found [₹1,699]
at com.indigo.testcases.TestTwo.tco2(TestTwo.java:61)
at com.indigo.mainscript.TestOne.flightPrice_2(TestOne.java:42)
at java.base/java.util.ArrayList.forEach(ArrayList.java:1540)
... Removed 32 stack frames]]>
    </failure>
  </testcase> <!-- flightPrice_2 -->
  <testcase classname="com.indigo.mainscript.TestOne" name="Testtwo" time="0.0">
    <ignored/>
  </testcase> <!-- Testtwo -->
</testsuite> <!-- Second Test -->
