<?xml version="1.0" encoding="UTF-8"?>
<testng-results ignored="1" total="3" passed="2" failed="0" skipped="0">
  <reporter-output>
  </reporter-output>
  <suite started-at="2020-04-16T01:16:07Z" name="Command line suite" finished-at="2020-04-16T01:17:20Z" duration-ms="72378">
    <groups>
    </groups>
    <test started-at="2020-04-16T01:16:07Z" name="Command line test" finished-at="2020-04-16T01:17:20Z" duration-ms="72378">
      <class name="com.indigo.mainscript.TestOne">
        <test-method signature="flightPrice_1()[pri:0, instance:com.indigo.mainscript.TestOne@146dfe6]" started-at="2020-04-15T20:16:07Z" name="flightPrice_1" finished-at="2020-04-15T20:16:43Z" duration-ms="36069" status="PASS">
          <reporter-output>
          </reporter-output>
        </test-method> <!-- flightPrice_1 -->
        <test-method is-config="true" signature="tearDown()[pri:0, instance:com.indigo.mainscript.TestOne@146dfe6]" started-at="2020-04-15T20:16:43Z" name="tearDown" finished-at="2020-04-15T20:16:44Z" duration-ms="641" status="PASS">
          <reporter-output>
          </reporter-output>
        </test-method> <!-- tearDown -->
        <test-method signature="flightPrice_2()[pri:0, instance:com.indigo.mainscript.TestOne@146dfe6]" started-at="2020-04-15T20:16:44Z" name="flightPrice_2" finished-at="2020-04-15T20:17:19Z" duration-ms="35007" status="PASS">
          <reporter-output>
          </reporter-output>
        </test-method> <!-- flightPrice_2 -->
        <test-method is-config="true" signature="tearDown()[pri:0, instance:com.indigo.mainscript.TestOne@146dfe6]" started-at="2020-04-15T20:17:19Z" name="tearDown" finished-at="2020-04-15T20:17:20Z" duration-ms="650" status="PASS">
          <reporter-output>
          </reporter-output>
        </test-method> <!-- tearDown -->
      </class> <!-- com.indigo.mainscript.TestOne -->
    </test> <!-- Command line test -->
  </suite> <!-- Command line suite -->
</testng-results>
