-------------------------------------------------------------------------------
Test set: TestSuite
-------------------------------------------------------------------------------
Tests run: 5, Failures: 1, Errors: 0, Skipped: 3, Time elapsed: 175.785 s <<< FAILURE! - in TestSuite
flightPrice_2(com.indigo.mainscript.TestOne)  Time elapsed: 31.464 s  <<< FAILURE!
java.lang.AssertionError: expected [?1,967] but found [?1,966]
	at com.indigo.mainscript.TestOne.flightPrice_2(TestOne.java:44)

