<?xml version="1.0" encoding="UTF-8"?>
<testsuite xmlns:xsi="http://www.w3.org/2001/XMLSchema-instance" xsi:noNamespaceSchemaLocation="https://maven.apache.org/surefire/maven-surefire-plugin/xsd/surefire-test-report.xsd" name="TestSuite" time="175.785" tests="5" errors="0" skipped="3" failures="1">
  <properties>
[...]
</properties>
  <testcase name="flightPrice_1" classname="com.indigo.mainscript.TestOne" time="35.288"/>
  <testcase name="flightPrice_2" classname="com.indigo.mainscript.TestOne" time="0">
    <skipped message="expected [₹1,967] but found [₹1,966]"/>
    <system-out><![CDATA[flightPrice_1 passed!
flightPrice_2 started!
?1,966
]]></system-out>
    <system-err><![CDATA[Starting ChromeDriver 81.0.4044.69 (6813546031a4bc83f717a2ef7cd4ac6ec1199132-refs/branch-heads/4044@{#776}) on port 9957
Only local connections are allowed.
Please protect ports used by ChromeDriver and related test frameworks to prevent access by malicious code.
Apr 30, 2020 6:31:02 PM org.openqa.selenium.remote.ProtocolHandshake createSession
INFO: Detected dialect: W3C
[1588289466.906][SEVERE]: Timed out receiving message from renderer: 0.100
[1588289467.175][SEVERE]: Timed out receiving message from renderer: 0.100
[1588289467.277][SEVERE]: Timed out receiving message from renderer: 0.100
[1588289467.408][SEVERE]: Timed out receiving message from renderer: 0.100
[1588289467.510][SEVERE]: Timed out receiving message from renderer: 0.100
[1588289467.611][SEVERE]: Timed out receiving message from renderer: 0.100
[1588289467.712][SEVERE]: Timed out receiving message from renderer: 0.100
[1588289467.908][SEVERE]: Timed out receiving message from renderer: 0.100
[1588289468.010][SEVERE]: Timed out receiving message from renderer: 0.100
[1588289468.114][SEVERE]: Timed out receiving message from renderer: 0.100
[1588289468.215][SEVERE]: Timed out receiving message from renderer: 0.100
[1588289469.479][SEVERE]: Timed out receiving message from renderer: 0.100
]]></system-err>
  </testcase>
  <testcase name="flightPrice_2" classname="com.indigo.mainscript.TestOne" time="0">
    <skipped message="expected [₹1,967] but found [₹1,966]"/>
    <system-out><![CDATA[flightPrice_2 skipped!
flightPrice_2 started!
?1,966
]]></system-out>
    <system-err><![CDATA[Starting ChromeDriver 81.0.4044.69 (6813546031a4bc83f717a2ef7cd4ac6ec1199132-refs/branch-heads/4044@{#776}) on port 9778
Only local connections are allowed.
Please protect ports used by ChromeDriver and related test frameworks to prevent access by malicious code.
Apr 30, 2020 6:31:39 PM org.openqa.selenium.remote.ProtocolHandshake createSession
INFO: Detected dialect: W3C
[1588289501.858][SEVERE]: Timed out receiving message from renderer: 0.100
]]></system-err>
  </testcase>
  <testcase name="flightPrice_2" classname="com.indigo.mainscript.TestOne" time="0">
    <skipped message="expected [₹1,967] but found [₹1,966]"/>
    <system-out><![CDATA[flightPrice_2 skipped!
flightPrice_2 started!
?1,966
]]></system-out>
    <system-err><![CDATA[Starting ChromeDriver 81.0.4044.69 (6813546031a4bc83f717a2ef7cd4ac6ec1199132-refs/branch-heads/4044@{#776}) on port 34890
Only local connections are allowed.
Please protect ports used by ChromeDriver and related test frameworks to prevent access by malicious code.
Apr 30, 2020 6:32:13 PM org.openqa.selenium.remote.ProtocolHandshake createSession
INFO: Detected dialect: W3C
[1588289536.644][SEVERE]: Timed out receiving message from renderer: 0.100
]]></system-err>
  </testcase>
  <testcase name="flightPrice_2" classname="com.indigo.mainscript.TestOne" time="31.464">
    <failure message="expected [₹1,967] but found [₹1,966]" type="java.lang.AssertionError">java.lang.AssertionError: expected [₹1,967] but found [₹1,966]
	at com.indigo.mainscript.TestOne.flightPrice_2(TestOne.java:44)
</failure>
    <system-out><![CDATA[flightPrice_2 skipped!
flightPrice_2 started!
04-30-2020 18:32:42 PoolingHttpClientConnectionManager.java DEBUG [Finalizer] conn.PoolingHttpClientConnectionManager 408 - Connection manager is shutting down
04-30-2020 18:32:42 PoolingHttpClientConnectionManager.java DEBUG [Finalizer] conn.PoolingHttpClientConnectionManager 414 - Connection manager shut down
04-30-2020 18:32:42 PoolingHttpClientConnectionManager.java DEBUG [Finalizer] conn.PoolingHttpClientConnectionManager 408 - Connection manager is shutting down
04-30-2020 18:32:42 PoolingHttpClientConnectionManager.java DEBUG [Finalizer] conn.PoolingHttpClientConnectionManager 414 - Connection manager shut down
?1,966
]]></system-out>
    <system-err><![CDATA[Starting ChromeDriver 81.0.4044.69 (6813546031a4bc83f717a2ef7cd4ac6ec1199132-refs/branch-heads/4044@{#776}) on port 19957
Only local connections are allowed.
Please protect ports used by ChromeDriver and related test frameworks to prevent access by malicious code.
Apr 30, 2020 6:32:45 PM org.openqa.selenium.remote.ProtocolHandshake createSession
INFO: Detected dialect: W3C
[1588289568.315][SEVERE]: Timed out receiving message from renderer: 0.100
]]></system-err>
  </testcase>
</testsuite>