<?xml version="1.0" encoding="UTF-8"?>
<testng-results ignored="1" total="3" passed="2" failed="0" skipped="0">
  <reporter-output>
  </reporter-output>
  <suite started-at="2020-04-14T21:57:04 CDT" name="Adviser" finished-at="2020-04-14T21:58:44 CDT" duration-ms="100042">
    <groups>
    </groups>
    <test started-at="2020-04-14T21:57:04 CDT" name="Assertion" finished-at="2020-04-14T21:58:44 CDT" duration-ms="100042">
      <class name="com.indigo.mainscript.TestOne">
        <test-method signature="flightPrice_1()[pri:0, instance:com.indigo.mainscript.TestOne@5e81e5ac]" started-at="2020-04-14T21:57:04 CDT" name="flightPrice_1" finished-at="2020-04-14T21:57:50 CDT" duration-ms="45538" status="PASS">
          <reporter-output>
          </reporter-output>
        </test-method> <!-- flightPrice_1 -->
        <test-method is-config="true" signature="tearDown()[pri:0, instance:com.indigo.mainscript.TestOne@5e81e5ac]" started-at="2020-04-14T21:57:50 CDT" name="tearDown" finished-at="2020-04-14T21:57:51 CDT" duration-ms="712" status="PASS">
          <reporter-output>
          </reporter-output>
        </test-method> <!-- tearDown -->
        <test-method signature="flightPrice_2()[pri:0, instance:com.indigo.mainscript.TestOne@5e81e5ac]" started-at="2020-04-14T21:57:51 CDT" name="flightPrice_2" finished-at="2020-04-14T21:58:44 CDT" duration-ms="53030" status="PASS">
          <reporter-output>
          </reporter-output>
        </test-method> <!-- flightPrice_2 -->
        <test-method is-config="true" signature="tearDown()[pri:0, instance:com.indigo.mainscript.TestOne@5e81e5ac]" started-at="2020-04-14T21:58:44 CDT" name="tearDown" finished-at="2020-04-14T21:58:44 CDT" duration-ms="712" status="PASS">
          <reporter-output>
          </reporter-output>
        </test-method> <!-- tearDown -->
      </class> <!-- com.indigo.mainscript.TestOne -->
    </test> <!-- Assertion -->
  </suite> <!-- Adviser -->
</testng-results>
