<?xml version="1.0" encoding="UTF-8"?>
<testng-results ignored="1" total="3" passed="2" failed="0" skipped="0">
  <reporter-output>
  </reporter-output>
  <suite started-at="2020-04-15T22:41:13 CDT" name="Adviser" finished-at="2020-04-15T22:42:27 CDT" duration-ms="74336">
    <groups>
    </groups>
    <test started-at="2020-04-15T22:41:13 CDT" name="Assertion" finished-at="2020-04-15T22:42:27 CDT" duration-ms="74336">
      <class name="com.indigo.mainscript.TestOne">
        <test-method signature="flightPrice_1()[pri:0, instance:com.indigo.mainscript.TestOne@3fa2213]" started-at="2020-04-15T22:41:13 CDT" name="flightPrice_1" finished-at="2020-04-15T22:41:50 CDT" duration-ms="36813" status="PASS">
          <reporter-output>
          </reporter-output>
        </test-method> <!-- flightPrice_1 -->
        <test-method is-config="true" signature="tearDown()[pri:0, instance:com.indigo.mainscript.TestOne@3fa2213]" started-at="2020-04-15T22:41:50 CDT" name="tearDown" finished-at="2020-04-15T22:41:50 CDT" duration-ms="678" status="PASS">
          <reporter-output>
          </reporter-output>
        </test-method> <!-- tearDown -->
        <test-method signature="flightPrice_2()[pri:0, instance:com.indigo.mainscript.TestOne@3fa2213]" started-at="2020-04-15T22:41:50 CDT" name="flightPrice_2" finished-at="2020-04-15T22:42:26 CDT" duration-ms="36142" status="PASS">
          <reporter-output>
          </reporter-output>
        </test-method> <!-- flightPrice_2 -->
        <test-method is-config="true" signature="tearDown()[pri:0, instance:com.indigo.mainscript.TestOne@3fa2213]" started-at="2020-04-15T22:42:26 CDT" name="tearDown" finished-at="2020-04-15T22:42:27 CDT" duration-ms="674" status="PASS">
          <reporter-output>
          </reporter-output>
        </test-method> <!-- tearDown -->
      </class> <!-- com.indigo.mainscript.TestOne -->
    </test> <!-- Assertion -->
  </suite> <!-- Adviser -->
</testng-results>
