<?xml version="1.0" encoding="UTF-8"?>
<!-- Generated by org.testng.reporters.JUnitXMLReporter -->
<testsuite ignored="0" hostname="DESKTOP-TMDKBPI" failures="0" tests="4" name="Annotations" time="0.05" errors="0" timestamp="2020-03-12T13:16:06 CDT">
  <testcase classname="testng.project.NewTest" name="firstScript" time="0.007"/>
  <testcase classname="testng.project.NewTest" name="aScript" time="0.001"/>
  <testcase classname="testng.project.NewTest" name="bScript" time="0.001"/>
  <testcase classname="testng.dummy.testing" name="secondClass" time="0.001"/>
</testsuite> <!-- Annotations -->
