<?xml version="1.0" encoding="UTF-8"?>
<!-- Generated by org.testng.reporters.JUnitXMLReporter -->
<testsuite ignored="0" hostname="DESKTOP-TMDKBPI" failures="0" tests="3" name="Test One" time="0.059" errors="0" timestamp="2020-03-12T13:30:38 CDT">
  <testcase classname="testng.project.NewTest" name="firstScript" time="0.007"/>
  <testcase classname="testng.project.NewTest" name="aScript" time="0.002"/>
  <testcase classname="testng.project.NewTest" name="bScript" time="0.002"/>
</testsuite> <!-- Test One -->
